{"email":"baturturan2@gmail.com","level":"info","message":"Yeni istifadeci qeydi ugurludur","timestamp":"2025-09-14T10:19:11.733Z"}
{"email":"baturturan2@gmail.com","level":"info","message":"Dogrulama kodu gonderildi","timestamp":"2025-09-14T10:19:13.228Z"}
{"email":"oguzkagan706@gmail.com","level":"info","message":"Yeni istifadeci qeydi ugurludur","timestamp":"2025-09-14T10:33:41.604Z"}
{"email":"oguzkagan706@gmail.com","level":"info","message":"Dogrulama kodu gonderildi","timestamp":"2025-09-14T10:33:42.860Z"}
{"email":"baturturan2@gmail.com","level":"info","message":"Login ugurludur","timestamp":"2025-09-14T10:34:26.573Z"}
{"level":"info","message":"User logged out successfully","timestamp":"2025-09-14T10:51:30.044Z","userId":"68c6969f147ae5604d3cde14"}
{"email":"baturturan2@gmail.com","level":"info","message":"Login ugurludur","timestamp":"2025-09-14T10:51:50.865Z"}
{"email":"baturturan2@gmail.com","level":"info","message":"Login ugurludur","timestamp":"2025-09-14T11:20:58.630Z"}
{"level":"info","message":"Refresh token dogrulandi","timestamp":"2025-09-14T11:40:48.549Z","userId":"68c6969f147ae5604d3cde14"}
{"level":"info","message":"User logged out successfully","timestamp":"2025-09-14T11:41:03.717Z","userId":"68c6969f147ae5604d3cde14"}
{"email":"oguzkagan706@gmail.com","level":"info","message":"Login ugurludur","timestamp":"2025-09-14T11:41:57.572Z"}
{"level":"info","message":"Refresh token dogrulandi","timestamp":"2025-09-14T11:46:45.880Z","userId":"68c6969f147ae5604d3cde14"}
{"email":"baturturan2@gmail.com","level":"info","message":"Login ugurludur","timestamp":"2025-09-14T11:48:24.654Z"}
{"level":"info","message":"User logged out successfully","timestamp":"2025-09-14T11:51:57.291Z","userId":"68c69a05ebd23a9699daf860"}
{"email":"oguzkagan706@gmail.com","level":"info","message":"Login ugurludur","timestamp":"2025-09-14T11:52:04.553Z"}
{"level":"info","message":"User logged out successfully","timestamp":"2025-09-14T11:53:55.671Z","userId":"68c6969f147ae5604d3cde14"}
{"email":"baturturan2@gmail.com","level":"info","message":"Login ugurludur","timestamp":"2025-09-14T11:54:04.867Z"}
{"level":"info","message":"Refresh token dogrulandi","timestamp":"2025-09-14T12:17:04.550Z","userId":"68c69a05ebd23a9699daf860"}
{"level":"info","message":"User logged out successfully","timestamp":"2025-09-14T12:17:09.655Z","userId":"68c69a05ebd23a9699daf860"}
{"email":"abdft11@gmail.com","level":"info","message":"Yeni istifadeci qeydi ugurludur","timestamp":"2025-09-14T12:17:33.366Z"}
{"email":"abdft11@gmail.com","level":"info","message":"Dogrulama kodu gonderildi","timestamp":"2025-09-14T12:17:34.856Z"}
{"email":"abdft11@gmail.com","level":"info","message":"Login ugurludur","timestamp":"2025-09-14T12:18:17.131Z"}
{"level":"info","message":"User logged out successfully","timestamp":"2025-09-14T12:27:18.906Z","userId":"68c6b25d290a88699a78ac82"}
{"email":"baturturan2@gmail.com","level":"info","message":"Login ugurludur","timestamp":"2025-09-14T12:27:26.410Z"}
{"level":"info","message":"User logged out successfully","timestamp":"2025-09-14T12:36:30.244Z","userId":"68c6969f147ae5604d3cde14"}
{"email":"baturturan2@gmail.com","level":"info","message":"Login ugurludur","timestamp":"2025-09-14T12:36:40.935Z"}
{"level":"info","message":"User logged out successfully","timestamp":"2025-09-14T12:39:52.232Z","userId":"68c6969f147ae5604d3cde14"}
{"email":"baturturan2@gmail.com","level":"info","message":"Login ugurludur","timestamp":"2025-09-14T12:39:59.358Z"}
{"level":"info","message":"User logged out successfully","timestamp":"2025-09-14T12:47:21.043Z","userId":"68c6969f147ae5604d3cde14"}
{"email":"baturturan2@gmail.com","level":"info","message":"Login ugurludur","timestamp":"2025-09-14T12:47:26.435Z"}
{"level":"info","message":"User logged out successfully","timestamp":"2025-09-14T12:49:42.047Z","userId":"68c6969f147ae5604d3cde14"}
{"email":"baturturan2@gmail.com","level":"info","message":"Login ugurludur","timestamp":"2025-09-14T12:49:48.241Z"}
{"email":"oguzkagan706@gmail.com","level":"info","message":"Login ugurludur","timestamp":"2025-09-14T12:52:03.118Z"}
{"level":"info","message":"User logged out successfully","timestamp":"2025-09-14T12:53:36.218Z","userId":"68c69a05ebd23a9699daf860"}
{"email":"oguzkagan706@gmail.com","level":"info","message":"Login ugurludur","timestamp":"2025-09-14T12:53:45.173Z"}
{"level":"info","message":"Refresh token dogrulandi","timestamp":"2025-09-15T07:30:15.829Z","userId":"68c6969f147ae5604d3cde14"}
{"level":"info","message":"Refresh token dogrulandi","timestamp":"2025-09-16T16:37:43.515Z","userId":"68c6969f147ae5604d3cde14"}
{"email":"oguzkagan706@gmail.com","level":"info","message":"Yeni istifadeci qeydi ugurludur","timestamp":"2025-09-17T03:25:18.067Z"}
{"email":"oguzkagan706@gmail.com","level":"info","message":"Dogrulama kodu gonderildi","timestamp":"2025-09-17T03:25:19.388Z"}
{"email":"abdft11@gmail.com","level":"info","message":"Yeni istifadeci qeydi ugurludur","timestamp":"2025-09-17T03:37:24.197Z"}
{"email":"abdft11@gmail.com","level":"info","message":"Dogrulama kodu gonderildi","timestamp":"2025-09-17T03:37:25.416Z"}
{"email":"abdft11@gmail.com","level":"info","message":"Yeni istifadeci qeydi ugurludur","timestamp":"2025-09-17T03:52:16.547Z"}
{"email":"abdft11@gmail.com","level":"info","message":"Dogrulama kodu gonderildi","timestamp":"2025-09-17T03:52:17.796Z"}
{"error":"email is not defined","ip":"::ffff:192.168.1.67","level":"error","message":"Unhandled error:","method":"POST","stack":"ReferenceError: email is not defined\n    at exports.signup (C:\\Users\\batur\\Documents\\JUMMA\\backend\\controller\\authcontrol.js:110:45)\n    at process.processTicksAndRejections (node:internal/process/task_queues:105:5)","timestamp":"2025-09-17T03:55:31.442Z","url":"/api/auth/signup"}
{"error":"email is not defined","ip":"::ffff:192.168.1.67","level":"error","message":"Unhandled error:","method":"POST","stack":"ReferenceError: email is not defined\n    at exports.signup (C:\\Users\\batur\\Documents\\JUMMA\\backend\\controller\\authcontrol.js:110:45)\n    at process.processTicksAndRejections (node:internal/process/task_queues:105:5)","timestamp":"2025-09-17T03:55:37.006Z","url":"/api/auth/signup"}
{"email":"oguzkagan706@gmail.com","level":"info","message":"Yeni istifadeci qeydi ugurludur","timestamp":"2025-09-17T03:55:45.291Z"}
{"email":"oguzkagan706@gmail.com","level":"info","message":"Dogrulama kodu gonderildi","timestamp":"2025-09-17T03:55:46.490Z"}
{"email":"abdft11@gmail.com","level":"info","message":"Yeni istifadeci qeydi ugurludur","timestamp":"2025-09-17T03:59:10.399Z"}
{"email":"abdft11@gmail.com","level":"info","message":"Dogrulama kodu gonderildi","timestamp":"2025-09-17T03:59:11.583Z"}
{"email":"oguzkagan706@gmail.com","level":"info","message":"Yeni istifadeci qeydi ugurludur","timestamp":"2025-09-17T04:01:40.486Z"}
{"email":"oguzkagan706@gmail.com","level":"info","message":"Dogrulama kodu gonderildi","timestamp":"2025-09-17T04:01:41.732Z"}
{"email":"abdft11@gmail.com","level":"info","message":"Yeni istifadeci qeydi ugurludur","timestamp":"2025-09-17T04:03:09.077Z"}
{"email":"abdft11@gmail.com","level":"info","message":"Dogrulama kodu gonderildi","timestamp":"2025-09-17T04:03:10.261Z"}
{"email":"baturturan2@gmail.com","level":"info","message":"Login ugurludur","timestamp":"2025-09-17T04:08:06.863Z"}
{"level":"info","message":"User logged out successfully","timestamp":"2025-09-17T04:10:44.390Z","userId":"68c6969f147ae5604d3cde14"}
{"email":"baturturan2@gmail.com","level":"info","message":"Login ugurludur","timestamp":"2025-09-17T04:10:54.409Z"}
{"level":"info","message":"Refresh token dogrulandi","timestamp":"2025-09-17T06:02:55.330Z","userId":"68c6969f147ae5604d3cde14"}
{"level":"info","message":"Refresh token dogrulandi","timestamp":"2025-09-17T06:03:36.589Z","userId":"68c6969f147ae5604d3cde14"}
{"level":"info","message":"Refresh token dogrulandi","timestamp":"2025-09-17T06:04:46.951Z","userId":"68c6969f147ae5604d3cde14"}
{"level":"info","message":"Refresh token dogrulandi","timestamp":"2025-09-17T06:05:11.292Z","userId":"68c6969f147ae5604d3cde14"}
{"level":"info","message":"Refresh token dogrulandi","timestamp":"2025-09-17T06:05:23.492Z","userId":"68c6969f147ae5604d3cde14"}
{"level":"info","message":"Refresh token dogrulandi","timestamp":"2025-09-17T06:06:29.340Z","userId":"68c6969f147ae5604d3cde14"}
{"level":"info","message":"Refresh token dogrulandi","timestamp":"2025-09-17T06:06:44.595Z","userId":"68c6969f147ae5604d3cde14"}
{"level":"info","message":"Refresh token dogrulandi","timestamp":"2025-09-17T06:08:17.065Z","userId":"68c6969f147ae5604d3cde14"}
{"level":"info","message":"Refresh token dogrulandi","timestamp":"2025-09-17T06:10:23.288Z","userId":"68c6969f147ae5604d3cde14"}
{"level":"info","message":"Refresh token dogrulandi","timestamp":"2025-09-17T06:14:58.840Z","userId":"68c6969f147ae5604d3cde14"}
{"level":"info","message":"Refresh token dogrulandi","timestamp":"2025-09-17T06:15:53.057Z","userId":"68c6969f147ae5604d3cde14"}
{"level":"info","message":"Refresh token dogrulandi","timestamp":"2025-09-17T06:18:56.876Z","userId":"68c6969f147ae5604d3cde14"}
{"level":"info","message":"Refresh token dogrulandi","timestamp":"2025-09-17T06:23:17.437Z","userId":"68c6969f147ae5604d3cde14"}
{"level":"info","message":"Refresh token dogrulandi","timestamp":"2025-09-17T06:25:08.469Z","userId":"68c6969f147ae5604d3cde14"}
{"level":"info","message":"Refresh token dogrulandi","timestamp":"2025-09-17T06:26:58.083Z","userId":"68c6969f147ae5604d3cde14"}
{"level":"info","message":"User logged out successfully","timestamp":"2025-09-17T06:29:14.795Z","userId":"68c6969f147ae5604d3cde14"}
{"email":"abdft11@gmail.com","level":"info","message":"Login ugurludur","timestamp":"2025-09-17T06:29:24.105Z"}
{"level":"info","message":"Refresh token dogrulandi","timestamp":"2025-09-17T06:42:32.462Z","userId":"68ca32fcb0e5e89b0e1af7cb"}
{"level":"info","message":"Refresh token dogrulandi","timestamp":"2025-09-17T06:43:38.912Z","userId":"68ca32fcb0e5e89b0e1af7cb"}
{"email":"oguzkagan706@gmail.com","level":"info","message":"Yeni istifadeci qeydi ugurludur","timestamp":"2025-09-17T06:55:41.760Z"}
{"email":"oguzkagan706@gmail.com","level":"info","message":"Dogrulama kodu gonderildi","timestamp":"2025-09-17T06:55:43.714Z"}
{"email":"oguzkagan706@gmail.com","level":"info","message":"Login ugurludur","timestamp":"2025-09-17T06:56:24.645Z"}
{"level":"info","message":"User logged out successfully","timestamp":"2025-09-17T06:56:28.939Z","userId":"68ca5b6d1fb67f7ba748d010"}
{"email":"nicat66b@gmail.comn","level":"info","message":"Yeni istifadeci qeydi ugurludur","timestamp":"2025-09-17T06:56:51.978Z"}
{"email":"nicat66b@gmail.comn","level":"info","message":"Dogrulama kodu gonderildi","timestamp":"2025-09-17T06:56:53.236Z"}
{"email":"nicat66b@gmail.com","level":"warn","message":"Login prosesi ugursuzdur,Istifadəçi tapılmadı","timestamp":"2025-09-17T06:58:05.371Z"}
{"email":"nicat66b@gmail.com","level":"warn","message":"Login prosesi ugursuzdur,Istifadəçi tapılmadı","timestamp":"2025-09-17T06:58:16.360Z"}
{"email":"nicat66b@gmail.comn","level":"info","message":"Yeni istifadeci qeydi ugurludur","timestamp":"2025-09-17T06:58:51.608Z"}
{"email":"nicat66b@gmail.comn","level":"info","message":"Dogrulama kodu gonderildi","timestamp":"2025-09-17T06:58:52.764Z"}
{"email":"nicat66b@gmail.com","level":"warn","message":"Login prosesi ugursuzdur,Istifadəçi tapılmadı","timestamp":"2025-09-17T07:00:20.534Z"}
{"email":"nicat66b@gmail.comn","level":"info","message":"Login ugurludur","timestamp":"2025-09-17T07:00:34.144Z"}
{"level":"info","message":"User logged out successfully","timestamp":"2025-09-17T07:00:41.311Z","userId":"68ca5c2b1fb67f7ba748d029"}
{"email":"baturturan2@gmail.com","level":"info","message":"Login ugurludur","timestamp":"2025-09-17T07:00:47.793Z"}
{"level":"info","message":"Refresh token dogrulandi","timestamp":"2025-09-17T07:01:51.048Z","userId":"68c6969f147ae5604d3cde14"}
{"level":"info","message":"Refresh token dogrulandi","timestamp":"2025-09-17T07:02:33.008Z","userId":"68c6969f147ae5604d3cde14"}
{"level":"info","message":"User logged out successfully","timestamp":"2025-09-17T07:03:01.987Z","userId":"68c6969f147ae5604d3cde14"}
{"email":"oguzkagan706@gmail.com","level":"info","message":"Login ugurludur","timestamp":"2025-09-17T07:03:08.634Z"}
{"level":"info","message":"User logged out successfully","timestamp":"2025-09-17T07:15:08.896Z","userId":"68ca5b6d1fb67f7ba748d010"}
{"email":"baturturan2@gmail.com","level":"info","message":"Login ugurludur","timestamp":"2025-09-17T07:15:17.994Z"}
{"level":"info","message":"User logged out successfully","timestamp":"2025-09-17T07:15:22.725Z","userId":"68c6969f147ae5604d3cde14"}
{"email":"nicat66b@gmail.comnn","level":"warn","message":"Login prosesi ugursuzdur,Istifadəçi tapılmadı","timestamp":"2025-09-17T07:15:28.562Z"}
{"email":"nicat66b@gmail.comn","level":"info","message":"Login ugurludur","timestamp":"2025-09-17T07:15:32.829Z"}
{"level":"info","message":"User logged out successfully","timestamp":"2025-09-17T07:16:51.178Z","userId":"68ca5c2b1fb67f7ba748d029"}
{"email":"baturturan2@gmail.com","level":"info","message":"Login ugurludur","timestamp":"2025-09-17T07:16:56.606Z"}
{"level":"info","message":"User logged out successfully","timestamp":"2025-09-17T07:16:59.392Z","userId":"68c6969f147ae5604d3cde14"}
{"email":"abdft11@gmail.com","level":"info","message":"Login ugurludur","timestamp":"2025-09-17T07:17:05.300Z"}
{"level":"info","message":"User logged out successfully","timestamp":"2025-09-17T07:17:31.349Z","userId":"68ca32fcb0e5e89b0e1af7cb"}
{"email":"oguzkagan706@gmail.com","level":"info","message":"Login ugurludur","timestamp":"2025-09-17T07:17:39.111Z"}
{"level":"info","message":"User logged out successfully","timestamp":"2025-09-17T07:18:16.508Z","userId":"68ca5b6d1fb67f7ba748d010"}
{"email":"baturturan2@gmail.com","level":"info","message":"Login ugurludur","timestamp":"2025-09-17T07:18:21.670Z"}
{"level":"info","message":"User logged out successfully","timestamp":"2025-09-17T07:19:56.358Z","userId":"68c6969f147ae5604d3cde14"}
{"email":"oguzkagan706@gmail.com","level":"info","message":"Login ugurludur","timestamp":"2025-09-17T07:20:03.802Z"}
